{"/Users/aismathe/ThriftyApp/app/components/atoms/BackButton/styles/BackButton.style.js": {"path":"/Users/aismathe/ThriftyApp/app/components/atoms/BackButton/styles/BackButton.style.js","statementMap":{"0":{"start":{"line":4,"column":28},"end":{"line":21,"column":1}},"1":{"start":{"line":5,"column":17},"end":{"line":5,"column":62}},"2":{"start":{"line":7,"column":2},"end":{"line":20,"column":5}}},"fnMap":{"0":{"name":"(anonymous_0)","decl":{"start":{"line":4,"column":28},"end":{"line":4,"column":29}},"loc":{"start":{"line":4,"column":39},"end":{"line":21,"column":1}},"line":4}},"branchMap":{"0":{"loc":{"start":{"line":5,"column":17},"end":{"line":5,"column":62}},"type":"cond-expr","locations":[{"start":{"line":5,"column":36},"end":{"line":5,"column":47}},{"start":{"line":5,"column":50},"end":{"line":5,"column":62}}],"line":5}},"s":{"0":1,"1":1,"2":1},"f":{"0":1},"b":{"0":[0,1]},"_coverageSchema":"1a1c01bbd47fc00a2c39e90264f33305004495a9","hash":"c6868406af2381baad75f44b3bc8614090b9977a"}
,"/Users/aismathe/ThriftyApp/app/components/atoms/BackButton/views/BackButton.js": {"path":"/Users/aismathe/ThriftyApp/app/components/atoms/BackButton/views/BackButton.js","statementMap":{"0":{"start":{"line":7,"column":19},"end":{"line":17,"column":1}},"1":{"start":{"line":8,"column":17},"end":{"line":8,"column":28}},"2":{"start":{"line":9,"column":17},"end":{"line":9,"column":43}},"3":{"start":{"line":10,"column":22},"end":{"line":10,"column":52}},"4":{"start":{"line":10,"column":28},"end":{"line":10,"column":52}},"5":{"start":{"line":12,"column":2},"end":{"line":16,"column":4}}},"fnMap":{"0":{"name":"(anonymous_0)","decl":{"start":{"line":7,"column":19},"end":{"line":7,"column":20}},"loc":{"start":{"line":7,"column":34},"end":{"line":17,"column":1}},"line":7},"1":{"name":"(anonymous_1)","decl":{"start":{"line":10,"column":22},"end":{"line":10,"column":23}},"loc":{"start":{"line":10,"column":28},"end":{"line":10,"column":52}},"line":10}},"branchMap":{},"s":{"0":1,"1":1,"2":1,"3":1,"4":0,"5":1},"f":{"0":1,"1":0},"b":{},"_coverageSchema":"1a1c01bbd47fc00a2c39e90264f33305004495a9","hash":"dfe4473a44fae99cacb14edb6c6fa24d87932e45"}
,"/Users/aismathe/ThriftyApp/app/components/atoms/CategoryPill/styles/CategoryPill.style.js": {"path":"/Users/aismathe/ThriftyApp/app/components/atoms/CategoryPill/styles/CategoryPill.style.js","statementMap":{"0":{"start":{"line":4,"column":18},"end":{"line":28,"column":1}},"1":{"start":{"line":5,"column":17},"end":{"line":5,"column":62}},"2":{"start":{"line":7,"column":2},"end":{"line":27,"column":5}}},"fnMap":{"0":{"name":"(anonymous_0)","decl":{"start":{"line":4,"column":18},"end":{"line":4,"column":19}},"loc":{"start":{"line":4,"column":29},"end":{"line":28,"column":1}},"line":4}},"branchMap":{"0":{"loc":{"start":{"line":5,"column":17},"end":{"line":5,"column":62}},"type":"cond-expr","locations":[{"start":{"line":5,"column":36},"end":{"line":5,"column":47}},{"start":{"line":5,"column":50},"end":{"line":5,"column":62}}],"line":5}},"s":{"0":2,"1":14,"2":14},"f":{"0":14},"b":{"0":[0,14]},"_coverageSchema":"1a1c01bbd47fc00a2c39e90264f33305004495a9","hash":"f0325e5099d58dfe6ece8b1117136f1efcfad03f"}
,"/Users/aismathe/ThriftyApp/app/components/atoms/CategoryPill/views/CategoryPill.js": {"path":"/Users/aismathe/ThriftyApp/app/components/atoms/CategoryPill/views/CategoryPill.js","statementMap":{"0":{"start":{"line":5,"column":21},"end":{"line":16,"column":1}},"1":{"start":{"line":6,"column":17},"end":{"line":6,"column":33}},"2":{"start":{"line":7,"column":2},"end":{"line":15,"column":4}}},"fnMap":{"0":{"name":"(anonymous_0)","decl":{"start":{"line":5,"column":21},"end":{"line":5,"column":22}},"loc":{"start":{"line":5,"column":67},"end":{"line":16,"column":1}},"line":5}},"branchMap":{"0":{"loc":{"start":{"line":9,"column":27},"end":{"line":9,"column":60}},"type":"binary-expr","locations":[{"start":{"line":9,"column":27},"end":{"line":9,"column":37}},{"start":{"line":9,"column":41},"end":{"line":9,"column":60}}],"line":9},"1":{"loc":{"start":{"line":13,"column":33},"end":{"line":13,"column":58}},"type":"binary-expr","locations":[{"start":{"line":13,"column":33},"end":{"line":13,"column":41}},{"start":{"line":13,"column":45},"end":{"line":13,"column":58}}],"line":13}},"s":{"0":2,"1":14,"2":14},"f":{"0":14},"b":{"0":[14,5],"1":[14,0]},"_coverageSchema":"1a1c01bbd47fc00a2c39e90264f33305004495a9","hash":"08d7790972046a03ce3e96d3f9351a6b192977cd"}
,"/Users/aismathe/ThriftyApp/app/components/atoms/ImageCarousel/styles/ImageCarousel.style.js": {"path":"/Users/aismathe/ThriftyApp/app/components/atoms/ImageCarousel/styles/ImageCarousel.style.js","statementMap":{"0":{"start":{"line":4,"column":30},"end":{"line":39,"column":1}},"1":{"start":{"line":5,"column":17},"end":{"line":5,"column":62}},"2":{"start":{"line":7,"column":2},"end":{"line":38,"column":5}}},"fnMap":{"0":{"name":"(anonymous_0)","decl":{"start":{"line":4,"column":30},"end":{"line":4,"column":31}},"loc":{"start":{"line":4,"column":41},"end":{"line":39,"column":1}},"line":4}},"branchMap":{"0":{"loc":{"start":{"line":5,"column":17},"end":{"line":5,"column":62}},"type":"cond-expr","locations":[{"start":{"line":5,"column":36},"end":{"line":5,"column":47}},{"start":{"line":5,"column":50},"end":{"line":5,"column":62}}],"line":5}},"s":{"0":1,"1":1,"2":1},"f":{"0":1},"b":{"0":[0,1]},"_coverageSchema":"1a1c01bbd47fc00a2c39e90264f33305004495a9","hash":"cf2b5bb0fce7275feffeaced1b21c330c46a5988"}
,"/Users/aismathe/ThriftyApp/app/components/atoms/ImageCarousel/views/ImageCarousel.js": {"path":"/Users/aismathe/ThriftyApp/app/components/atoms/ImageCarousel/views/ImageCarousel.js","statementMap":{"0":{"start":{"line":5,"column":22},"end":{"line":35,"column":1}},"1":{"start":{"line":6,"column":17},"end":{"line":6,"column":45}},"2":{"start":{"line":8,"column":34},"end":{"line":8,"column":49}},"3":{"start":{"line":10,"column":27},"end":{"line":12,"column":3}},"4":{"start":{"line":11,"column":4},"end":{"line":11,"column":22}},"5":{"start":{"line":14,"column":2},"end":{"line":34,"column":4}},"6":{"start":{"line":18,"column":10},"end":{"line":30,"column":17}}},"fnMap":{"0":{"name":"(anonymous_0)","decl":{"start":{"line":5,"column":22},"end":{"line":5,"column":23}},"loc":{"start":{"line":5,"column":45},"end":{"line":35,"column":1}},"line":5},"1":{"name":"(anonymous_1)","decl":{"start":{"line":10,"column":27},"end":{"line":10,"column":28}},"loc":{"start":{"line":10,"column":33},"end":{"line":12,"column":3}},"line":10},"2":{"name":"(anonymous_2)","decl":{"start":{"line":17,"column":20},"end":{"line":17,"column":21}},"loc":{"start":{"line":18,"column":10},"end":{"line":30,"column":17}},"line":18}},"branchMap":{"0":{"loc":{"start":{"line":19,"column":13},"end":{"line":29,"column":13}},"type":"cond-expr","locations":[{"start":{"line":20,"column":14},"end":{"line":22,"column":21}},{"start":{"line":24,"column":14},"end":{"line":28,"column":16}}],"line":19}},"s":{"0":1,"1":1,"2":1,"3":1,"4":0,"5":1,"6":2},"f":{"0":1,"1":0,"2":2},"b":{"0":[0,2]},"_coverageSchema":"1a1c01bbd47fc00a2c39e90264f33305004495a9","hash":"3d51d1a7e82af37f5598284aeaf97ba1d1f51efc"}
,"/Users/aismathe/ThriftyApp/app/components/atoms/ProductItem/styles/ProductItem.style.js": {"path":"/Users/aismathe/ThriftyApp/app/components/atoms/ProductItem/styles/ProductItem.style.js","statementMap":{"0":{"start":{"line":4,"column":18},"end":{"line":50,"column":1}},"1":{"start":{"line":5,"column":17},"end":{"line":5,"column":62}},"2":{"start":{"line":7,"column":2},"end":{"line":49,"column":5}}},"fnMap":{"0":{"name":"(anonymous_0)","decl":{"start":{"line":4,"column":18},"end":{"line":4,"column":19}},"loc":{"start":{"line":4,"column":29},"end":{"line":50,"column":1}},"line":4}},"branchMap":{"0":{"loc":{"start":{"line":5,"column":17},"end":{"line":5,"column":62}},"type":"cond-expr","locations":[{"start":{"line":5,"column":36},"end":{"line":5,"column":47}},{"start":{"line":5,"column":50},"end":{"line":5,"column":62}}],"line":5}},"s":{"0":1,"1":2,"2":2},"f":{"0":2},"b":{"0":[0,2]},"_coverageSchema":"1a1c01bbd47fc00a2c39e90264f33305004495a9","hash":"3ab355d81676e90f714735a760f0039c5857f4d8"}
,"/Users/aismathe/ThriftyApp/app/components/atoms/ProductItem/views/ProductItem.js": {"path":"/Users/aismathe/ThriftyApp/app/components/atoms/ProductItem/views/ProductItem.js","statementMap":{"0":{"start":{"line":8,"column":20},"end":{"line":55,"column":1}},"1":{"start":{"line":9,"column":62},"end":{"line":9,"column":75}},"2":{"start":{"line":10,"column":42},"end":{"line":10,"column":56}},"3":{"start":{"line":12,"column":17},"end":{"line":12,"column":33}},"4":{"start":{"line":14,"column":27},"end":{"line":16,"column":3}},"5":{"start":{"line":15,"column":4},"end":{"line":15,"column":27}},"6":{"start":{"line":18,"column":22},"end":{"line":30,"column":3}},"7":{"start":{"line":19,"column":4},"end":{"line":29,"column":7}},"8":{"start":{"line":32,"column":2},"end":{"line":54,"column":4}}},"fnMap":{"0":{"name":"(anonymous_0)","decl":{"start":{"line":8,"column":20},"end":{"line":8,"column":21}},"loc":{"start":{"line":8,"column":44},"end":{"line":55,"column":1}},"line":8},"1":{"name":"(anonymous_1)","decl":{"start":{"line":14,"column":27},"end":{"line":14,"column":28}},"loc":{"start":{"line":14,"column":33},"end":{"line":16,"column":3}},"line":14},"2":{"name":"(anonymous_2)","decl":{"start":{"line":18,"column":22},"end":{"line":18,"column":23}},"loc":{"start":{"line":18,"column":28},"end":{"line":30,"column":3}},"line":18}},"branchMap":{"0":{"loc":{"start":{"line":9,"column":62},"end":{"line":9,"column":75}},"type":"binary-expr","locations":[{"start":{"line":9,"column":62},"end":{"line":9,"column":69}},{"start":{"line":9,"column":73},"end":{"line":9,"column":75}}],"line":9},"1":{"loc":{"start":{"line":35,"column":9},"end":{"line":44,"column":9}},"type":"cond-expr","locations":[{"start":{"line":36,"column":10},"end":{"line":41,"column":12}},{"start":{"line":43,"column":10},"end":{"line":43,"column":66}}],"line":35},"2":{"loc":{"start":{"line":47,"column":9},"end":{"line":47,"column":28}},"type":"binary-expr","locations":[{"start":{"line":47,"column":9},"end":{"line":47,"column":14}},{"start":{"line":47,"column":18},"end":{"line":47,"column":28}}],"line":47},"3":{"loc":{"start":{"line":50,"column":9},"end":{"line":50,"column":58}},"type":"cond-expr","locations":[{"start":{"line":50,"column":17},"end":{"line":50,"column":35}},{"start":{"line":50,"column":38},"end":{"line":50,"column":58}}],"line":50},"4":{"loc":{"start":{"line":52,"column":37},"end":{"line":52,"column":68}},"type":"binary-expr","locations":[{"start":{"line":52,"column":37},"end":{"line":52,"column":51}},{"start":{"line":52,"column":55},"end":{"line":52,"column":68}}],"line":52}},"s":{"0":1,"1":2,"2":2,"3":2,"4":2,"5":0,"6":2,"7":1,"8":2},"f":{"0":2,"1":0,"2":1},"b":{"0":[2,0],"1":[2,0],"2":[2,0],"3":[2,0],"4":[2,0]},"_coverageSchema":"1a1c01bbd47fc00a2c39e90264f33305004495a9","hash":"080878bfe8f59c06e33bb2e405f86d38a07d2088"}
,"/Users/aismathe/ThriftyApp/app/components/atoms/SearchBar/styles/SearchBar.style.js": {"path":"/Users/aismathe/ThriftyApp/app/components/atoms/SearchBar/styles/SearchBar.style.js","statementMap":{"0":{"start":{"line":3,"column":18},"end":{"line":14,"column":4}},"1":{"start":{"line":4,"column":2},"end":{"line":14,"column":4}}},"fnMap":{"0":{"name":"(anonymous_0)","decl":{"start":{"line":3,"column":18},"end":{"line":3,"column":19}},"loc":{"start":{"line":4,"column":2},"end":{"line":14,"column":4}},"line":4}},"branchMap":{"0":{"loc":{"start":{"line":7,"column":19},"end":{"line":7,"column":55}},"type":"cond-expr","locations":[{"start":{"line":7,"column":38},"end":{"line":7,"column":43}},{"start":{"line":7,"column":46},"end":{"line":7,"column":55}}],"line":7}},"s":{"0":1,"1":2},"f":{"0":2},"b":{"0":[0,2]},"_coverageSchema":"1a1c01bbd47fc00a2c39e90264f33305004495a9","hash":"d6a3caf675cfe36f154ccc11de2c6281e868f07c"}
,"/Users/aismathe/ThriftyApp/app/components/atoms/SearchBar/views/SearchBar.js": {"path":"/Users/aismathe/ThriftyApp/app/components/atoms/SearchBar/views/SearchBar.js","statementMap":{"0":{"start":{"line":5,"column":18},"end":{"line":16,"column":1}},"1":{"start":{"line":6,"column":17},"end":{"line":6,"column":33}},"2":{"start":{"line":8,"column":2},"end":{"line":15,"column":4}}},"fnMap":{"0":{"name":"(anonymous_0)","decl":{"start":{"line":5,"column":18},"end":{"line":5,"column":19}},"loc":{"start":{"line":5,"column":60},"end":{"line":16,"column":1}},"line":5}},"branchMap":{},"s":{"0":1,"1":2,"2":2},"f":{"0":2},"b":{},"_coverageSchema":"1a1c01bbd47fc00a2c39e90264f33305004495a9","hash":"b026489757223c441a51f5c7ef8f4ccd6ecde820"}
,"/Users/aismathe/ThriftyApp/app/components/molecules/CategoryList/CategoryList.js": {"path":"/Users/aismathe/ThriftyApp/app/components/molecules/CategoryList/CategoryList.js","statementMap":{"0":{"start":{"line":5,"column":21},"end":{"line":40,"column":1}},"1":{"start":{"line":11,"column":17},"end":{"line":11,"column":28}},"2":{"start":{"line":13,"column":22},"end":{"line":14,"column":64}},"3":{"start":{"line":14,"column":4},"end":{"line":14,"column":64}},"4":{"start":{"line":16,"column":21},"end":{"line":23,"column":3}},"5":{"start":{"line":17,"column":4},"end":{"line":22,"column":6}},"6":{"start":{"line":20,"column":21},"end":{"line":20,"column":38}},"7":{"start":{"line":25,"column":2},"end":{"line":39,"column":4}},"8":{"start":{"line":29,"column":39},"end":{"line":29,"column":57}},"9":{"start":{"line":41,"column":18},"end":{"line":47,"column":4}},"10":{"start":{"line":42,"column":2},"end":{"line":47,"column":4}}},"fnMap":{"0":{"name":"(anonymous_0)","decl":{"start":{"line":5,"column":21},"end":{"line":5,"column":22}},"loc":{"start":{"line":10,"column":6},"end":{"line":40,"column":1}},"line":10},"1":{"name":"(anonymous_1)","decl":{"start":{"line":13,"column":22},"end":{"line":13,"column":23}},"loc":{"start":{"line":14,"column":4},"end":{"line":14,"column":64}},"line":14},"2":{"name":"(anonymous_2)","decl":{"start":{"line":16,"column":21},"end":{"line":16,"column":22}},"loc":{"start":{"line":17,"column":4},"end":{"line":22,"column":6}},"line":17},"3":{"name":"(anonymous_3)","decl":{"start":{"line":20,"column":15},"end":{"line":20,"column":16}},"loc":{"start":{"line":20,"column":21},"end":{"line":20,"column":38}},"line":20},"4":{"name":"(anonymous_4)","decl":{"start":{"line":29,"column":22},"end":{"line":29,"column":23}},"loc":{"start":{"line":29,"column":39},"end":{"line":29,"column":57}},"line":29},"5":{"name":"(anonymous_5)","decl":{"start":{"line":41,"column":18},"end":{"line":41,"column":19}},"loc":{"start":{"line":42,"column":2},"end":{"line":47,"column":4}},"line":42}},"branchMap":{"0":{"loc":{"start":{"line":14,"column":24},"end":{"line":14,"column":63}},"type":"cond-expr","locations":[{"start":{"line":14,"column":52},"end":{"line":14,"column":56}},{"start":{"line":14,"column":59},"end":{"line":14,"column":63}}],"line":14}},"s":{"0":1,"1":4,"2":4,"3":2,"4":4,"5":12,"6":2,"7":4,"8":16,"9":1,"10":4},"f":{"0":4,"1":2,"2":12,"3":2,"4":16,"5":4},"b":{"0":[1,1]},"_coverageSchema":"1a1c01bbd47fc00a2c39e90264f33305004495a9","hash":"fe427a8a90d8d7e96bf95b82f72618a65f94abf4"}
,"/Users/aismathe/ThriftyApp/app/components/molecules/ProductDetails/styles/ProductDetails.style.js": {"path":"/Users/aismathe/ThriftyApp/app/components/molecules/ProductDetails/styles/ProductDetails.style.js","statementMap":{"0":{"start":{"line":4,"column":29},"end":{"line":47,"column":1}},"1":{"start":{"line":5,"column":17},"end":{"line":5,"column":62}},"2":{"start":{"line":7,"column":2},"end":{"line":46,"column":5}}},"fnMap":{"0":{"name":"(anonymous_0)","decl":{"start":{"line":4,"column":29},"end":{"line":4,"column":30}},"loc":{"start":{"line":4,"column":40},"end":{"line":47,"column":1}},"line":4}},"branchMap":{"0":{"loc":{"start":{"line":5,"column":17},"end":{"line":5,"column":62}},"type":"cond-expr","locations":[{"start":{"line":5,"column":36},"end":{"line":5,"column":47}},{"start":{"line":5,"column":50},"end":{"line":5,"column":62}}],"line":5}},"s":{"0":1,"1":4,"2":4},"f":{"0":4},"b":{"0":[0,4]},"_coverageSchema":"1a1c01bbd47fc00a2c39e90264f33305004495a9","hash":"ff9f297d5d8e785680939705417fe7fdfacf2dcd"}
,"/Users/aismathe/ThriftyApp/app/components/molecules/ProductDetails/views/ProductDetails.js": {"path":"/Users/aismathe/ThriftyApp/app/components/molecules/ProductDetails/views/ProductDetails.js","statementMap":{"0":{"start":{"line":6,"column":23},"end":{"line":25,"column":1}},"1":{"start":{"line":12,"column":17},"end":{"line":12,"column":44}},"2":{"start":{"line":14,"column":2},"end":{"line":24,"column":4}}},"fnMap":{"0":{"name":"(anonymous_0)","decl":{"start":{"line":6,"column":23},"end":{"line":6,"column":24}},"loc":{"start":{"line":11,"column":6},"end":{"line":25,"column":1}},"line":11}},"branchMap":{"0":{"loc":{"start":{"line":7,"column":2},"end":{"line":7,"column":20}},"type":"default-arg","locations":[{"start":{"line":7,"column":10},"end":{"line":7,"column":20}}],"line":7},"1":{"loc":{"start":{"line":8,"column":2},"end":{"line":8,"column":11}},"type":"default-arg","locations":[{"start":{"line":8,"column":10},"end":{"line":8,"column":11}}],"line":8},"2":{"loc":{"start":{"line":9,"column":2},"end":{"line":9,"column":32}},"type":"default-arg","locations":[{"start":{"line":9,"column":16},"end":{"line":9,"column":32}}],"line":9},"3":{"loc":{"start":{"line":18,"column":48},"end":{"line":18,"column":66}},"type":"binary-expr","locations":[{"start":{"line":18,"column":48},"end":{"line":18,"column":61}},{"start":{"line":18,"column":65},"end":{"line":18,"column":66}}],"line":18}},"s":{"0":1,"1":4,"2":4},"f":{"0":4},"b":{"0":[1],"1":[1],"2":[1],"3":[4,1]},"_coverageSchema":"1a1c01bbd47fc00a2c39e90264f33305004495a9","hash":"65b4b5a057fbf48f21b02ccc3d26415fb864f0b1"}
,"/Users/aismathe/ThriftyApp/app/components/molecules/ProductList/styles/ProductList.style.js": {"path":"/Users/aismathe/ThriftyApp/app/components/molecules/ProductList/styles/ProductList.style.js","statementMap":{"0":{"start":{"line":4,"column":29},"end":{"line":29,"column":1}},"1":{"start":{"line":5,"column":17},"end":{"line":5,"column":62}},"2":{"start":{"line":7,"column":2},"end":{"line":28,"column":5}}},"fnMap":{"0":{"name":"(anonymous_0)","decl":{"start":{"line":4,"column":29},"end":{"line":4,"column":30}},"loc":{"start":{"line":4,"column":40},"end":{"line":29,"column":1}},"line":4}},"branchMap":{"0":{"loc":{"start":{"line":5,"column":17},"end":{"line":5,"column":62}},"type":"cond-expr","locations":[{"start":{"line":5,"column":36},"end":{"line":5,"column":47}},{"start":{"line":5,"column":50},"end":{"line":5,"column":62}}],"line":5}},"s":{"0":1,"1":5,"2":5},"f":{"0":5},"b":{"0":[0,5]},"_coverageSchema":"1a1c01bbd47fc00a2c39e90264f33305004495a9","hash":"b16bedfb4f192e6dff64b2e360444d6f1ec14f8e"}
,"/Users/aismathe/ThriftyApp/app/components/molecules/ProductList/views/ProductList.js": {"path":"/Users/aismathe/ThriftyApp/app/components/molecules/ProductList/views/ProductList.js","statementMap":{"0":{"start":{"line":6,"column":20},"end":{"line":42,"column":1}},"1":{"start":{"line":7,"column":17},"end":{"line":7,"column":44}},"2":{"start":{"line":9,"column":21},"end":{"line":9,"column":79}},"3":{"start":{"line":9,"column":35},"end":{"line":9,"column":79}},"4":{"start":{"line":11,"column":2},"end":{"line":13,"column":3}},"5":{"start":{"line":12,"column":4},"end":{"line":12,"column":62}},"6":{"start":{"line":15,"column":2},"end":{"line":17,"column":3}},"7":{"start":{"line":16,"column":4},"end":{"line":16,"column":57}},"8":{"start":{"line":19,"column":2},"end":{"line":25,"column":3}},"9":{"start":{"line":20,"column":4},"end":{"line":24,"column":6}},"10":{"start":{"line":27,"column":2},"end":{"line":41,"column":4}},"11":{"start":{"line":30,"column":30},"end":{"line":30,"column":50}}},"fnMap":{"0":{"name":"(anonymous_0)","decl":{"start":{"line":6,"column":20},"end":{"line":6,"column":21}},"loc":{"start":{"line":6,"column":74},"end":{"line":42,"column":1}},"line":6},"1":{"name":"(anonymous_1)","decl":{"start":{"line":9,"column":21},"end":{"line":9,"column":22}},"loc":{"start":{"line":9,"column":35},"end":{"line":9,"column":79}},"line":9},"2":{"name":"(anonymous_2)","decl":{"start":{"line":30,"column":20},"end":{"line":30,"column":21}},"loc":{"start":{"line":30,"column":30},"end":{"line":30,"column":50}},"line":30}},"branchMap":{"0":{"loc":{"start":{"line":6,"column":23},"end":{"line":6,"column":44}},"type":"default-arg","locations":[{"start":{"line":6,"column":42},"end":{"line":6,"column":44}}],"line":6},"1":{"loc":{"start":{"line":11,"column":2},"end":{"line":13,"column":3}},"type":"if","locations":[{"start":{"line":11,"column":2},"end":{"line":13,"column":3}},{"start":{},"end":{}}],"line":11},"2":{"loc":{"start":{"line":15,"column":2},"end":{"line":17,"column":3}},"type":"if","locations":[{"start":{"line":15,"column":2},"end":{"line":17,"column":3}},{"start":{},"end":{}}],"line":15},"3":{"loc":{"start":{"line":19,"column":2},"end":{"line":25,"column":3}},"type":"if","locations":[{"start":{"line":19,"column":2},"end":{"line":25,"column":3}},{"start":{},"end":{}}],"line":19}},"s":{"0":1,"1":5,"2":5,"3":4,"4":5,"5":1,"6":4,"7":1,"8":3,"9":1,"10":2,"11":8},"f":{"0":5,"1":4,"2":8},"b":{"0":[1],"1":[1,4],"2":[1,3],"3":[1,2]},"_coverageSchema":"1a1c01bbd47fc00a2c39e90264f33305004495a9","hash":"c72507643ce41607a2be14bfba321e5a8c4fd281"}
,"/Users/aismathe/ThriftyApp/app/components/molecules/RelatedProductsList/styles/RelatedProducts.style.js": {"path":"/Users/aismathe/ThriftyApp/app/components/molecules/RelatedProductsList/styles/RelatedProducts.style.js","statementMap":{"0":{"start":{"line":4,"column":33},"end":{"line":63,"column":1}},"1":{"start":{"line":5,"column":17},"end":{"line":5,"column":62}},"2":{"start":{"line":7,"column":2},"end":{"line":62,"column":5}}},"fnMap":{"0":{"name":"(anonymous_0)","decl":{"start":{"line":4,"column":33},"end":{"line":4,"column":34}},"loc":{"start":{"line":4,"column":44},"end":{"line":63,"column":1}},"line":4}},"branchMap":{"0":{"loc":{"start":{"line":5,"column":17},"end":{"line":5,"column":62}},"type":"cond-expr","locations":[{"start":{"line":5,"column":36},"end":{"line":5,"column":47}},{"start":{"line":5,"column":50},"end":{"line":5,"column":62}}],"line":5}},"s":{"0":1,"1":4,"2":4},"f":{"0":4},"b":{"0":[0,4]},"_coverageSchema":"1a1c01bbd47fc00a2c39e90264f33305004495a9","hash":"2dac3110ebc45299c40a241d677a16112989a9c8"}
,"/Users/aismathe/ThriftyApp/app/components/molecules/RelatedProductsList/views/RelatedProducts.js": {"path":"/Users/aismathe/ThriftyApp/app/components/molecules/RelatedProductsList/views/RelatedProducts.js","statementMap":{"0":{"start":{"line":8,"column":24},"end":{"line":84,"column":1}},"1":{"start":{"line":9,"column":17},"end":{"line":9,"column":28}},"2":{"start":{"line":10,"column":17},"end":{"line":10,"column":48}},"3":{"start":{"line":11,"column":40},"end":{"line":11,"column":52}},"4":{"start":{"line":13,"column":22},"end":{"line":25,"column":3}},"5":{"start":{"line":14,"column":4},"end":{"line":24,"column":7}},"6":{"start":{"line":27,"column":27},"end":{"line":32,"column":3}},"7":{"start":{"line":28,"column":4},"end":{"line":31,"column":8}},"8":{"start":{"line":28,"column":36},"end":{"line":31,"column":5}},"9":{"start":{"line":34,"column":21},"end":{"line":66,"column":3}},"10":{"start":{"line":35,"column":22},"end":{"line":35,"column":30}},"11":{"start":{"line":36,"column":25},"end":{"line":36,"column":57}},"12":{"start":{"line":38,"column":4},"end":{"line":65,"column":6}},"13":{"start":{"line":41,"column":23},"end":{"line":41,"column":40}},"14":{"start":{"line":48,"column":27},"end":{"line":48,"column":54}},"15":{"start":{"line":68,"column":2},"end":{"line":83,"column":4}},"16":{"start":{"line":73,"column":32},"end":{"line":73,"column":52}}},"fnMap":{"0":{"name":"(anonymous_0)","decl":{"start":{"line":8,"column":24},"end":{"line":8,"column":25}},"loc":{"start":{"line":8,"column":61},"end":{"line":84,"column":1}},"line":8},"1":{"name":"(anonymous_1)","decl":{"start":{"line":13,"column":22},"end":{"line":13,"column":23}},"loc":{"start":{"line":13,"column":32},"end":{"line":25,"column":3}},"line":13},"2":{"name":"(anonymous_2)","decl":{"start":{"line":27,"column":27},"end":{"line":27,"column":28}},"loc":{"start":{"line":27,"column":42},"end":{"line":32,"column":3}},"line":27},"3":{"name":"(anonymous_3)","decl":{"start":{"line":28,"column":19},"end":{"line":28,"column":20}},"loc":{"start":{"line":28,"column":36},"end":{"line":31,"column":5}},"line":28},"4":{"name":"(anonymous_4)","decl":{"start":{"line":34,"column":21},"end":{"line":34,"column":22}},"loc":{"start":{"line":34,"column":35},"end":{"line":66,"column":3}},"line":34},"5":{"name":"(anonymous_5)","decl":{"start":{"line":41,"column":17},"end":{"line":41,"column":18}},"loc":{"start":{"line":41,"column":23},"end":{"line":41,"column":40}},"line":41},"6":{"name":"(anonymous_6)","decl":{"start":{"line":48,"column":21},"end":{"line":48,"column":22}},"loc":{"start":{"line":48,"column":27},"end":{"line":48,"column":54}},"line":48},"7":{"name":"(anonymous_7)","decl":{"start":{"line":73,"column":22},"end":{"line":73,"column":23}},"loc":{"start":{"line":73,"column":32},"end":{"line":73,"column":52}},"line":73}},"branchMap":{"0":{"loc":{"start":{"line":8,"column":27},"end":{"line":8,"column":47}},"type":"default-arg","locations":[{"start":{"line":8,"column":45},"end":{"line":8,"column":47}}],"line":8},"1":{"loc":{"start":{"line":43,"column":9},"end":{"line":56,"column":9}},"type":"cond-expr","locations":[{"start":{"line":44,"column":10},"end":{"line":49,"column":12}},{"start":{"line":51,"column":10},"end":{"line":55,"column":17}}],"line":43},"2":{"loc":{"start":{"line":59,"column":11},"end":{"line":59,"column":36}},"type":"binary-expr","locations":[{"start":{"line":59,"column":11},"end":{"line":59,"column":22}},{"start":{"line":59,"column":26},"end":{"line":59,"column":36}}],"line":59},"3":{"loc":{"start":{"line":62,"column":11},"end":{"line":62,"column":79}},"type":"cond-expr","locations":[{"start":{"line":62,"column":25},"end":{"line":62,"column":57}},{"start":{"line":62,"column":60},"end":{"line":62,"column":79}}],"line":62}},"s":{"0":1,"1":4,"2":4,"3":4,"4":4,"5":1,"6":4,"7":0,"8":0,"9":4,"10":8,"11":8,"12":8,"13":1,"14":0,"15":4,"16":12},"f":{"0":4,"1":1,"2":0,"3":0,"4":8,"5":1,"6":0,"7":12},"b":{"0":[0],"1":[8,0],"2":[8,0],"3":[8,0]},"_coverageSchema":"1a1c01bbd47fc00a2c39e90264f33305004495a9","hash":"1d2c52136db1dd11b9fe1d80b7e5e1f439b47f71"}
,"/Users/aismathe/ThriftyApp/app/redux/actions.js": {"path":"/Users/aismathe/ThriftyApp/app/redux/actions.js","statementMap":{"0":{"start":{"line":1,"column":40},"end":{"line":1,"column":66}},"1":{"start":{"line":2,"column":40},"end":{"line":2,"column":66}},"2":{"start":{"line":3,"column":40},"end":{"line":3,"column":66}},"3":{"start":{"line":4,"column":38},"end":{"line":4,"column":62}},"4":{"start":{"line":5,"column":38},"end":{"line":5,"column":62}},"5":{"start":{"line":6,"column":38},"end":{"line":6,"column":62}},"6":{"start":{"line":7,"column":24},"end":{"line":7,"column":34}},"7":{"start":{"line":8,"column":26},"end":{"line":8,"column":38}},"8":{"start":{"line":9,"column":25},"end":{"line":9,"column":36}},"9":{"start":{"line":11,"column":36},"end":{"line":13,"column":2}},"10":{"start":{"line":11,"column":43},"end":{"line":13,"column":1}},"11":{"start":{"line":15,"column":36},"end":{"line":18,"column":2}},"12":{"start":{"line":15,"column":51},"end":{"line":18,"column":1}},"13":{"start":{"line":20,"column":36},"end":{"line":23,"column":2}},"14":{"start":{"line":20,"column":48},"end":{"line":23,"column":1}},"15":{"start":{"line":25,"column":38},"end":{"line":27,"column":2}},"16":{"start":{"line":25,"column":45},"end":{"line":27,"column":1}},"17":{"start":{"line":29,"column":38},"end":{"line":32,"column":2}},"18":{"start":{"line":29,"column":55},"end":{"line":32,"column":1}},"19":{"start":{"line":34,"column":38},"end":{"line":37,"column":2}},"20":{"start":{"line":34,"column":50},"end":{"line":37,"column":1}},"21":{"start":{"line":39,"column":23},"end":{"line":42,"column":2}},"22":{"start":{"line":39,"column":34},"end":{"line":42,"column":1}},"23":{"start":{"line":44,"column":25},"end":{"line":46,"column":2}},"24":{"start":{"line":44,"column":32},"end":{"line":46,"column":1}},"25":{"start":{"line":48,"column":24},"end":{"line":51,"column":2}},"26":{"start":{"line":48,"column":36},"end":{"line":51,"column":1}},"27":{"start":{"line":53,"column":16},"end":{"line":63,"column":1}}},"fnMap":{"0":{"name":"(anonymous_0)","decl":{"start":{"line":11,"column":36},"end":{"line":11,"column":37}},"loc":{"start":{"line":11,"column":43},"end":{"line":13,"column":1}},"line":11},"1":{"name":"(anonymous_1)","decl":{"start":{"line":15,"column":36},"end":{"line":15,"column":37}},"loc":{"start":{"line":15,"column":51},"end":{"line":18,"column":1}},"line":15},"2":{"name":"(anonymous_2)","decl":{"start":{"line":20,"column":36},"end":{"line":20,"column":37}},"loc":{"start":{"line":20,"column":48},"end":{"line":23,"column":1}},"line":20},"3":{"name":"(anonymous_3)","decl":{"start":{"line":25,"column":38},"end":{"line":25,"column":39}},"loc":{"start":{"line":25,"column":45},"end":{"line":27,"column":1}},"line":25},"4":{"name":"(anonymous_4)","decl":{"start":{"line":29,"column":38},"end":{"line":29,"column":39}},"loc":{"start":{"line":29,"column":55},"end":{"line":32,"column":1}},"line":29},"5":{"name":"(anonymous_5)","decl":{"start":{"line":34,"column":38},"end":{"line":34,"column":39}},"loc":{"start":{"line":34,"column":50},"end":{"line":37,"column":1}},"line":34},"6":{"name":"(anonymous_6)","decl":{"start":{"line":39,"column":23},"end":{"line":39,"column":24}},"loc":{"start":{"line":39,"column":34},"end":{"line":42,"column":1}},"line":39},"7":{"name":"(anonymous_7)","decl":{"start":{"line":44,"column":25},"end":{"line":44,"column":26}},"loc":{"start":{"line":44,"column":32},"end":{"line":46,"column":1}},"line":44},"8":{"name":"(anonymous_8)","decl":{"start":{"line":48,"column":24},"end":{"line":48,"column":25}},"loc":{"start":{"line":48,"column":36},"end":{"line":51,"column":1}},"line":48}},"branchMap":{},"s":{"0":1,"1":1,"2":1,"3":1,"4":1,"5":1,"6":1,"7":1,"8":1,"9":1,"10":2,"11":1,"12":0,"13":1,"14":0,"15":1,"16":2,"17":1,"18":0,"19":1,"20":0,"21":1,"22":0,"23":1,"24":1,"25":1,"26":1,"27":1},"f":{"0":2,"1":0,"2":0,"3":2,"4":0,"5":0,"6":0,"7":1,"8":1},"b":{},"_coverageSchema":"1a1c01bbd47fc00a2c39e90264f33305004495a9","hash":"7c0d03009d8395a92eb610b28bec96251948648f"}
,"/Users/aismathe/ThriftyApp/app/screens/HomeScreen/styles/HomeScreen.style.js": {"path":"/Users/aismathe/ThriftyApp/app/screens/HomeScreen/styles/HomeScreen.style.js","statementMap":{"0":{"start":{"line":4,"column":18},"end":{"line":80,"column":1}},"1":{"start":{"line":5,"column":17},"end":{"line":5,"column":62}},"2":{"start":{"line":7,"column":2},"end":{"line":79,"column":5}}},"fnMap":{"0":{"name":"(anonymous_0)","decl":{"start":{"line":4,"column":18},"end":{"line":4,"column":19}},"loc":{"start":{"line":4,"column":29},"end":{"line":80,"column":1}},"line":4}},"branchMap":{"0":{"loc":{"start":{"line":5,"column":17},"end":{"line":5,"column":62}},"type":"cond-expr","locations":[{"start":{"line":5,"column":36},"end":{"line":5,"column":47}},{"start":{"line":5,"column":50},"end":{"line":5,"column":62}}],"line":5}},"s":{"0":1,"1":3,"2":3},"f":{"0":3},"b":{"0":[0,3]},"_coverageSchema":"1a1c01bbd47fc00a2c39e90264f33305004495a9","hash":"48244d1b7ce8eedc3e173c8f2ea1e362b6e3b5d0"}
,"/Users/aismathe/ThriftyApp/app/screens/HomeScreen/views/HomeScreen.js": {"path":"/Users/aismathe/ThriftyApp/app/screens/HomeScreen/views/HomeScreen.js","statementMap":{"0":{"start":{"line":14,"column":19},"end":{"line":108,"column":1}},"1":{"start":{"line":15,"column":19},"end":{"line":15,"column":32}},"2":{"start":{"line":16,"column":17},"end":{"line":16,"column":28}},"3":{"start":{"line":18,"column":64},"end":{"line":28,"column":3}},"4":{"start":{"line":19,"column":16},"end":{"line":26,"column":5}},"5":{"start":{"line":30,"column":38},"end":{"line":30,"column":50}},"6":{"start":{"line":31,"column":50},"end":{"line":31,"column":64}},"7":{"start":{"line":32,"column":42},"end":{"line":32,"column":57}},"8":{"start":{"line":34,"column":2},"end":{"line":34,"column":16}},"9":{"start":{"line":36,"column":27},"end":{"line":42,"column":3}},"10":{"start":{"line":38,"column":6},"end":{"line":41,"column":68}},"11":{"start":{"line":44,"column":17},"end":{"line":44,"column":33}},"12":{"start":{"line":46,"column":23},"end":{"line":54,"column":3}},"13":{"start":{"line":47,"column":4},"end":{"line":53,"column":5}},"14":{"start":{"line":48,"column":6},"end":{"line":48,"column":35}},"15":{"start":{"line":49,"column":6},"end":{"line":49,"column":28}},"16":{"start":{"line":50,"column":6},"end":{"line":50,"column":29}},"17":{"start":{"line":52,"column":6},"end":{"line":52,"column":51}},"18":{"start":{"line":56,"column":28},"end":{"line":59,"column":3}},"19":{"start":{"line":57,"column":21},"end":{"line":57,"column":56}},"20":{"start":{"line":58,"column":4},"end":{"line":58,"column":33}},"21":{"start":{"line":61,"column":2},"end":{"line":107,"column":4}}},"fnMap":{"0":{"name":"(anonymous_0)","decl":{"start":{"line":14,"column":19},"end":{"line":14,"column":20}},"loc":{"start":{"line":14,"column":25},"end":{"line":108,"column":1}},"line":14},"1":{"name":"(anonymous_1)","decl":{"start":{"line":19,"column":4},"end":{"line":19,"column":5}},"loc":{"start":{"line":19,"column":16},"end":{"line":26,"column":5}},"line":19},"2":{"name":"(anonymous_2)","decl":{"start":{"line":37,"column":4},"end":{"line":37,"column":5}},"loc":{"start":{"line":38,"column":6},"end":{"line":41,"column":68}},"line":38},"3":{"name":"(anonymous_3)","decl":{"start":{"line":46,"column":23},"end":{"line":46,"column":24}},"loc":{"start":{"line":46,"column":35},"end":{"line":54,"column":3}},"line":46},"4":{"name":"(anonymous_4)","decl":{"start":{"line":56,"column":28},"end":{"line":56,"column":29}},"loc":{"start":{"line":56,"column":34},"end":{"line":59,"column":3}},"line":56}},"branchMap":{"0":{"loc":{"start":{"line":38,"column":6},"end":{"line":41,"column":68}},"type":"binary-expr","locations":[{"start":{"line":38,"column":7},"end":{"line":40,"column":14}},{"start":{"line":41,"column":6},"end":{"line":41,"column":68}}],"line":38},"1":{"loc":{"start":{"line":38,"column":7},"end":{"line":40,"column":14}},"type":"cond-expr","locations":[{"start":{"line":39,"column":10},"end":{"line":39,"column":54}},{"start":{"line":40,"column":10},"end":{"line":40,"column":14}}],"line":38},"2":{"loc":{"start":{"line":57,"column":21},"end":{"line":57,"column":56}},"type":"cond-expr","locations":[{"start":{"line":57,"column":40},"end":{"line":57,"column":47}},{"start":{"line":57,"column":50},"end":{"line":57,"column":56}}],"line":57},"3":{"loc":{"start":{"line":66,"column":12},"end":{"line":68,"column":67}},"type":"cond-expr","locations":[{"start":{"line":67,"column":16},"end":{"line":67,"column":66}},{"start":{"line":68,"column":16},"end":{"line":68,"column":67}}],"line":66}},"s":{"0":1,"1":3,"2":3,"3":3,"4":3,"5":3,"6":3,"7":3,"8":3,"9":3,"10":3,"11":3,"12":3,"13":1,"14":1,"15":1,"16":1,"17":0,"18":3,"19":1,"20":1,"21":3},"f":{"0":3,"1":3,"2":3,"3":1,"4":1},"b":{"0":[3,3],"1":[0,3],"2":[0,1],"3":[0,3]},"_coverageSchema":"1a1c01bbd47fc00a2c39e90264f33305004495a9","hash":"0b6fb7d89f6fa6a0b533d8ee8700f410caee6e95"}
,"/Users/aismathe/ThriftyApp/app/screens/ProductDetailScreen/styles/ProductDetailScreen.style.js": {"path":"/Users/aismathe/ThriftyApp/app/screens/ProductDetailScreen/styles/ProductDetailScreen.style.js","statementMap":{"0":{"start":{"line":4,"column":18},"end":{"line":29,"column":1}},"1":{"start":{"line":5,"column":17},"end":{"line":5,"column":62}},"2":{"start":{"line":7,"column":2},"end":{"line":28,"column":5}}},"fnMap":{"0":{"name":"(anonymous_0)","decl":{"start":{"line":4,"column":18},"end":{"line":4,"column":19}},"loc":{"start":{"line":4,"column":29},"end":{"line":29,"column":1}},"line":4}},"branchMap":{"0":{"loc":{"start":{"line":5,"column":17},"end":{"line":5,"column":62}},"type":"cond-expr","locations":[{"start":{"line":5,"column":36},"end":{"line":5,"column":47}},{"start":{"line":5,"column":50},"end":{"line":5,"column":62}}],"line":5}},"s":{"0":1,"1":3,"2":3},"f":{"0":3},"b":{"0":[0,3]},"_coverageSchema":"1a1c01bbd47fc00a2c39e90264f33305004495a9","hash":"eb0574296dcdcddd889099766a316d8693ada1ec"}
,"/Users/aismathe/ThriftyApp/app/screens/ProductDetailScreen/views/ProductDetailScreen.js": {"path":"/Users/aismathe/ThriftyApp/app/screens/ProductDetailScreen/views/ProductDetailScreen.js","statementMap":{"0":{"start":{"line":11,"column":28},"end":{"line":55,"column":1}},"1":{"start":{"line":12,"column":17},"end":{"line":12,"column":39}},"2":{"start":{"line":13,"column":19},"end":{"line":13,"column":57}},"3":{"start":{"line":13,"column":42},"end":{"line":13,"column":56}},"4":{"start":{"line":14,"column":16},"end":{"line":14,"column":51}},"5":{"start":{"line":14,"column":39},"end":{"line":14,"column":50}},"6":{"start":{"line":16,"column":18},"end":{"line":23,"column":3}},"7":{"start":{"line":25,"column":26},"end":{"line":29,"column":3}},"8":{"start":{"line":27,"column":6},"end":{"line":28,"column":38}},"9":{"start":{"line":31,"column":17},"end":{"line":31,"column":33}},"10":{"start":{"line":33,"column":2},"end":{"line":54,"column":4}}},"fnMap":{"0":{"name":"(anonymous_0)","decl":{"start":{"line":11,"column":28},"end":{"line":11,"column":29}},"loc":{"start":{"line":11,"column":34},"end":{"line":55,"column":1}},"line":11},"1":{"name":"(anonymous_1)","decl":{"start":{"line":13,"column":31},"end":{"line":13,"column":32}},"loc":{"start":{"line":13,"column":42},"end":{"line":13,"column":56}},"line":13},"2":{"name":"(anonymous_2)","decl":{"start":{"line":14,"column":28},"end":{"line":14,"column":29}},"loc":{"start":{"line":14,"column":39},"end":{"line":14,"column":50}},"line":14},"3":{"name":"(anonymous_3)","decl":{"start":{"line":26,"column":4},"end":{"line":26,"column":5}},"loc":{"start":{"line":27,"column":6},"end":{"line":28,"column":38}},"line":27}},"branchMap":{"0":{"loc":{"start":{"line":22,"column":12},"end":{"line":22,"column":60}},"type":"cond-expr","locations":[{"start":{"line":22,"column":29},"end":{"line":22,"column":55}},{"start":{"line":22,"column":58},"end":{"line":22,"column":60}}],"line":22},"1":{"loc":{"start":{"line":27,"column":6},"end":{"line":28,"column":38}},"type":"binary-expr","locations":[{"start":{"line":27,"column":6},"end":{"line":27,"column":48}},{"start":{"line":28,"column":6},"end":{"line":28,"column":38}}],"line":27},"2":{"loc":{"start":{"line":50,"column":7},"end":{"line":52,"column":7}},"type":"binary-expr","locations":[{"start":{"line":50,"column":7},"end":{"line":50,"column":33}},{"start":{"line":51,"column":8},"end":{"line":51,"column":75}}],"line":50}},"s":{"0":1,"1":3,"2":3,"3":3,"4":3,"5":3,"6":3,"7":3,"8":5,"9":3,"10":3},"f":{"0":3,"1":3,"2":3,"3":5},"b":{"0":[3,0],"1":[5,5],"2":[3,2]},"_coverageSchema":"1a1c01bbd47fc00a2c39e90264f33305004495a9","hash":"8536dd9037911d1d6c6caf9ec40f784d2b3ba653"}
,"/Users/aismathe/ThriftyApp/app/utils/api.js": {"path":"/Users/aismathe/ThriftyApp/app/utils/api.js","statementMap":{"0":{"start":{"line":3,"column":12},"end":{"line":6,"column":2}}},"fnMap":{},"branchMap":{},"s":{"0":1},"f":{},"b":{},"_coverageSchema":"1a1c01bbd47fc00a2c39e90264f33305004495a9","hash":"1c5fde5eebbeaee81c3123aba27196525d2c4689"}
,"/Users/aismathe/ThriftyApp/app/utils/colors.js": {"path":"/Users/aismathe/ThriftyApp/app/utils/colors.js","statementMap":{"0":{"start":{"line":1,"column":15},"end":{"line":34,"column":1}}},"fnMap":{},"branchMap":{},"s":{"0":10},"f":{},"b":{},"_coverageSchema":"1a1c01bbd47fc00a2c39e90264f33305004495a9","hash":"43f2a11b7ce5b210d9e6bd493cb6105ba0229332"}
,"/Users/aismathe/ThriftyApp/app/utils/constants.js": {"path":"/Users/aismathe/ThriftyApp/app/utils/constants.js","statementMap":{"0":{"start":{"line":1,"column":22},"end":{"line":4,"column":2}},"1":{"start":{"line":6,"column":34},"end":{"line":6,"column":51}},"2":{"start":{"line":7,"column":36},"end":{"line":7,"column":55}},"3":{"start":{"line":8,"column":29},"end":{"line":8,"column":62}}},"fnMap":{},"branchMap":{},"s":{"0":4,"1":4,"2":4,"3":4},"f":{},"b":{},"_coverageSchema":"1a1c01bbd47fc00a2c39e90264f33305004495a9","hash":"075cdfd497fe536f1ddab9da689651067c53c476"}
,"/Users/aismathe/ThriftyApp/assets/images/logo_light.png": {"path":"/Users/aismathe/ThriftyApp/assets/images/logo_light.png","statementMap":{"0":{"start":{"line":1,"column":0},"end":{"line":4,"column":6}}},"fnMap":{},"branchMap":{},"s":{"0":1},"f":{},"b":{},"_coverageSchema":"1a1c01bbd47fc00a2c39e90264f33305004495a9","hash":"2a93cd743354c8eab7fd5a722731a2b3fafaeb39"}
,"/Users/aismathe/ThriftyApp/hooks/useProducts.js": {"path":"/Users/aismathe/ThriftyApp/hooks/useProducts.js","statementMap":{"0":{"start":{"line":18,"column":20},"end":{"line":64,"column":1}},"1":{"start":{"line":19,"column":19},"end":{"line":19,"column":32}},"2":{"start":{"line":21,"column":2},"end":{"line":63,"column":17}},"3":{"start":{"line":22,"column":39},"end":{"line":60,"column":5}},"4":{"start":{"line":23,"column":6},"end":{"line":23,"column":39}},"5":{"start":{"line":24,"column":6},"end":{"line":24,"column":41}},"6":{"start":{"line":26,"column":6},"end":{"line":59,"column":7}},"7":{"start":{"line":27,"column":31},"end":{"line":27,"column":77}},"8":{"start":{"line":28,"column":33},"end":{"line":30,"column":9}},"9":{"start":{"line":32,"column":8},"end":{"line":36,"column":9}},"10":{"start":{"line":33,"column":10},"end":{"line":33,"column":69}},"11":{"start":{"line":34,"column":10},"end":{"line":34,"column":73}},"12":{"start":{"line":35,"column":10},"end":{"line":35,"column":17}},"13":{"start":{"line":38,"column":33},"end":{"line":38,"column":59}},"14":{"start":{"line":39,"column":35},"end":{"line":39,"column":63}},"15":{"start":{"line":41,"column":8},"end":{"line":41,"column":63}},"16":{"start":{"line":42,"column":8},"end":{"line":46,"column":10}},"17":{"start":{"line":44,"column":50},"end":{"line":44,"column":59}},"18":{"start":{"line":48,"column":8},"end":{"line":51,"column":10}},"19":{"start":{"line":52,"column":8},"end":{"line":55,"column":10}},"20":{"start":{"line":54,"column":63},"end":{"line":54,"column":72}},"21":{"start":{"line":57,"column":8},"end":{"line":57,"column":53}},"22":{"start":{"line":58,"column":8},"end":{"line":58,"column":55}},"23":{"start":{"line":62,"column":4},"end":{"line":62,"column":33}}},"fnMap":{"0":{"name":"(anonymous_0)","decl":{"start":{"line":18,"column":20},"end":{"line":18,"column":21}},"loc":{"start":{"line":18,"column":26},"end":{"line":64,"column":1}},"line":18},"1":{"name":"(anonymous_1)","decl":{"start":{"line":21,"column":12},"end":{"line":21,"column":13}},"loc":{"start":{"line":21,"column":18},"end":{"line":63,"column":3}},"line":21},"2":{"name":"(anonymous_2)","decl":{"start":{"line":22,"column":39},"end":{"line":22,"column":40}},"loc":{"start":{"line":22,"column":51},"end":{"line":60,"column":5}},"line":22},"3":{"name":"(anonymous_3)","decl":{"start":{"line":44,"column":41},"end":{"line":44,"column":42}},"loc":{"start":{"line":44,"column":50},"end":{"line":44,"column":59}},"line":44},"4":{"name":"(anonymous_4)","decl":{"start":{"line":54,"column":54},"end":{"line":54,"column":55}},"loc":{"start":{"line":54,"column":63},"end":{"line":54,"column":72}},"line":54}},"branchMap":{"0":{"loc":{"start":{"line":32,"column":8},"end":{"line":36,"column":9}},"type":"if","locations":[{"start":{"line":32,"column":8},"end":{"line":36,"column":9}},{"start":{},"end":{}}],"line":32},"1":{"loc":{"start":{"line":32,"column":12},"end":{"line":32,"column":46}},"type":"binary-expr","locations":[{"start":{"line":32,"column":12},"end":{"line":32,"column":26}},{"start":{"line":32,"column":30},"end":{"line":32,"column":46}}],"line":32}},"s":{"0":1,"1":3,"2":3,"3":2,"4":2,"5":2,"6":2,"7":2,"8":2,"9":2,"10":0,"11":0,"12":0,"13":2,"14":0,"15":0,"16":0,"17":0,"18":0,"19":0,"20":0,"21":0,"22":0,"23":2},"f":{"0":3,"1":2,"2":2,"3":0,"4":0},"b":{"0":[0,2],"1":[2,0]},"_coverageSchema":"1a1c01bbd47fc00a2c39e90264f33305004495a9","hash":"148aabf437ce1a14c29e619b5bd5c8e4e7619401"}
}
