TN:
SF:app/components/atoms/BackButton/styles/BackButton.style.js
FN:4,(anonymous_0)
FNF:1
FNH:1
FNDA:1,(anonymous_0)
DA:4,1
DA:5,1
DA:7,1
LF:3
LH:3
BRDA:5,0,0,0
BRDA:5,0,1,1
BRF:2
BRH:1
end_of_record
TN:
SF:app/components/atoms/BackButton/views/BackButton.js
FN:7,(anonymous_0)
FN:10,(anonymous_1)
FNF:2
FNH:1
FNDA:1,(anonymous_0)
FNDA:0,(anonymous_1)
DA:7,1
DA:8,1
DA:9,1
DA:10,1
DA:12,1
LF:5
LH:5
BRF:0
BRH:0
end_of_record
TN:
SF:app/components/atoms/CategoryPill/styles/CategoryPill.style.js
FN:4,(anonymous_0)
FNF:1
FNH:1
FNDA:14,(anonymous_0)
DA:4,2
DA:5,14
DA:7,14
LF:3
LH:3
BRDA:5,0,0,0
BRDA:5,0,1,14
BRF:2
BRH:1
end_of_record
TN:
SF:app/components/atoms/CategoryPill/views/CategoryPill.js
FN:5,(anonymous_0)
FNF:1
FNH:1
FNDA:14,(anonymous_0)
DA:5,2
DA:6,14
DA:7,14
LF:3
LH:3
BRDA:9,0,0,14
BRDA:9,0,1,5
BRDA:13,1,0,14
BRDA:13,1,1,0
BRF:4
BRH:3
end_of_record
TN:
SF:app/components/atoms/ImageCarousel/styles/ImageCarousel.style.js
FN:4,(anonymous_0)
FNF:1
FNH:1
FNDA:1,(anonymous_0)
DA:4,1
DA:5,1
DA:7,1
LF:3
LH:3
BRDA:5,0,0,0
BRDA:5,0,1,1
BRF:2
BRH:1
end_of_record
TN:
SF:app/components/atoms/ImageCarousel/views/ImageCarousel.js
FN:5,(anonymous_0)
FN:10,(anonymous_1)
FN:17,(anonymous_2)
FNF:3
FNH:2
FNDA:1,(anonymous_0)
FNDA:0,(anonymous_1)
FNDA:2,(anonymous_2)
DA:5,1
DA:6,1
DA:8,1
DA:10,1
DA:11,0
DA:14,1
DA:18,2
LF:7
LH:6
BRDA:19,0,0,0
BRDA:19,0,1,2
BRF:2
BRH:1
end_of_record
TN:
SF:app/components/atoms/ProductItem/styles/ProductItem.style.js
FN:4,(anonymous_0)
FNF:1
FNH:1
FNDA:2,(anonymous_0)
DA:4,1
DA:5,2
DA:7,2
LF:3
LH:3
BRDA:5,0,0,0
BRDA:5,0,1,2
BRF:2
BRH:1
end_of_record
TN:
SF:app/components/atoms/ProductItem/views/ProductItem.js
FN:8,(anonymous_0)
FN:14,(anonymous_1)
FN:18,(anonymous_2)
FNF:3
FNH:2
FNDA:2,(anonymous_0)
FNDA:0,(anonymous_1)
FNDA:1,(anonymous_2)
DA:8,1
DA:9,2
DA:10,2
DA:12,2
DA:14,2
DA:15,0
DA:18,2
DA:19,1
DA:32,2
LF:9
LH:8
BRDA:9,0,0,2
BRDA:9,0,1,0
BRDA:35,1,0,2
BRDA:35,1,1,0
BRDA:47,2,0,2
BRDA:47,2,1,0
BRDA:50,3,0,2
BRDA:50,3,1,0
BRDA:52,4,0,2
BRDA:52,4,1,0
BRF:10
BRH:5
end_of_record
TN:
SF:app/components/atoms/SearchBar/styles/SearchBar.style.js
FN:3,(anonymous_0)
FNF:1
FNH:1
FNDA:2,(anonymous_0)
DA:3,1
DA:4,2
LF:2
LH:2
BRDA:7,0,0,0
BRDA:7,0,1,2
BRF:2
BRH:1
end_of_record
TN:
SF:app/components/atoms/SearchBar/views/SearchBar.js
FN:5,(anonymous_0)
FNF:1
FNH:1
FNDA:2,(anonymous_0)
DA:5,1
DA:6,2
DA:8,2
LF:3
LH:3
BRF:0
BRH:0
end_of_record
TN:
SF:app/components/molecules/CategoryList/CategoryList.js
FN:5,(anonymous_0)
FN:13,(anonymous_1)
FN:16,(anonymous_2)
FN:20,(anonymous_3)
FN:29,(anonymous_4)
FN:41,(anonymous_5)
FNF:6
FNH:6
FNDA:4,(anonymous_0)
FNDA:2,(anonymous_1)
FNDA:12,(anonymous_2)
FNDA:2,(anonymous_3)
FNDA:16,(anonymous_4)
FNDA:4,(anonymous_5)
DA:5,1
DA:11,4
DA:13,4
DA:14,2
DA:16,4
DA:17,12
DA:20,2
DA:25,4
DA:29,16
DA:41,1
DA:42,4
LF:11
LH:11
BRDA:14,0,0,1
BRDA:14,0,1,1
BRF:2
BRH:2
end_of_record
TN:
SF:app/components/molecules/ProductDetails/styles/ProductDetails.style.js
FN:4,(anonymous_0)
FNF:1
FNH:1
FNDA:4,(anonymous_0)
DA:4,1
DA:5,4
DA:7,4
LF:3
LH:3
BRDA:5,0,0,0
BRDA:5,0,1,4
BRF:2
BRH:1
end_of_record
TN:
SF:app/components/molecules/ProductDetails/views/ProductDetails.js
FN:6,(anonymous_0)
FNF:1
FNH:1
FNDA:4,(anonymous_0)
DA:6,1
DA:12,4
DA:14,4
LF:3
LH:3
BRDA:7,0,0,1
BRDA:8,1,0,1
BRDA:9,2,0,1
BRDA:18,3,0,4
BRDA:18,3,1,1
BRF:5
BRH:5
end_of_record
TN:
SF:app/components/molecules/ProductList/styles/ProductList.style.js
FN:4,(anonymous_0)
FNF:1
FNH:1
FNDA:5,(anonymous_0)
DA:4,1
DA:5,5
DA:7,5
LF:3
LH:3
BRDA:5,0,0,0
BRDA:5,0,1,5
BRF:2
BRH:1
end_of_record
TN:
SF:app/components/molecules/ProductList/views/ProductList.js
FN:6,(anonymous_0)
FN:9,(anonymous_1)
FN:30,(anonymous_2)
FNF:3
FNH:3
FNDA:5,(anonymous_0)
FNDA:4,(anonymous_1)
FNDA:8,(anonymous_2)
DA:6,1
DA:7,5
DA:9,5
DA:11,5
DA:12,1
DA:15,4
DA:16,1
DA:19,3
DA:20,1
DA:27,2
DA:30,8
LF:11
LH:11
BRDA:6,0,0,1
BRDA:11,1,0,1
BRDA:11,1,1,4
BRDA:15,2,0,1
BRDA:15,2,1,3
BRDA:19,3,0,1
BRDA:19,3,1,2
BRF:7
BRH:7
end_of_record
TN:
SF:app/components/molecules/RelatedProductsList/styles/RelatedProducts.style.js
FN:4,(anonymous_0)
FNF:1
FNH:1
FNDA:4,(anonymous_0)
DA:4,1
DA:5,4
DA:7,4
LF:3
LH:3
BRDA:5,0,0,0
BRDA:5,0,1,4
BRF:2
BRH:1
end_of_record
TN:
SF:app/components/molecules/RelatedProductsList/views/RelatedProducts.js
FN:8,(anonymous_0)
FN:13,(anonymous_1)
FN:27,(anonymous_2)
FN:28,(anonymous_3)
FN:34,(anonymous_4)
FN:41,(anonymous_5)
FN:48,(anonymous_6)
FN:73,(anonymous_7)
FNF:8
FNH:5
FNDA:4,(anonymous_0)
FNDA:1,(anonymous_1)
FNDA:0,(anonymous_2)
FNDA:0,(anonymous_3)
FNDA:8,(anonymous_4)
FNDA:1,(anonymous_5)
FNDA:0,(anonymous_6)
FNDA:12,(anonymous_7)
DA:8,1
DA:9,4
DA:10,4
DA:11,4
DA:13,4
DA:14,1
DA:27,4
DA:28,0
DA:34,4
DA:35,8
DA:36,8
DA:38,8
DA:41,1
DA:48,0
DA:68,4
DA:73,12
LF:16
LH:14
BRDA:8,0,0,0
BRDA:43,1,0,8
BRDA:43,1,1,0
BRDA:59,2,0,8
BRDA:59,2,1,0
BRDA:62,3,0,8
BRDA:62,3,1,0
BRF:7
BRH:3
end_of_record
TN:
SF:app/redux/actions.js
FN:11,(anonymous_0)
FN:15,(anonymous_1)
FN:20,(anonymous_2)
FN:25,(anonymous_3)
FN:29,(anonymous_4)
FN:34,(anonymous_5)
FN:39,(anonymous_6)
FN:44,(anonymous_7)
FN:48,(anonymous_8)
FNF:9
FNH:4
FNDA:2,(anonymous_0)
FNDA:0,(anonymous_1)
FNDA:0,(anonymous_2)
FNDA:2,(anonymous_3)
FNDA:0,(anonymous_4)
FNDA:0,(anonymous_5)
FNDA:0,(anonymous_6)
FNDA:1,(anonymous_7)
FNDA:1,(anonymous_8)
DA:1,1
DA:2,1
DA:3,1
DA:4,1
DA:5,1
DA:6,1
DA:7,1
DA:8,1
DA:9,1
DA:11,2
DA:15,1
DA:20,1
DA:25,2
DA:29,1
DA:34,1
DA:39,1
DA:44,1
DA:48,1
DA:53,1
LF:19
LH:19
BRF:0
BRH:0
end_of_record
TN:
SF:app/screens/HomeScreen/styles/HomeScreen.style.js
FN:4,(anonymous_0)
FNF:1
FNH:1
FNDA:3,(anonymous_0)
DA:4,1
DA:5,3
DA:7,3
LF:3
LH:3
BRDA:5,0,0,0
BRDA:5,0,1,3
BRF:2
BRH:1
end_of_record
TN:
SF:app/screens/HomeScreen/views/HomeScreen.js
FN:14,(anonymous_0)
FN:19,(anonymous_1)
FN:37,(anonymous_2)
FN:46,(anonymous_3)
FN:56,(anonymous_4)
FNF:5
FNH:5
FNDA:3,(anonymous_0)
FNDA:3,(anonymous_1)
FNDA:3,(anonymous_2)
FNDA:1,(anonymous_3)
FNDA:1,(anonymous_4)
DA:14,1
DA:15,3
DA:16,3
DA:18,3
DA:19,3
DA:30,3
DA:31,3
DA:32,3
DA:34,3
DA:36,3
DA:38,3
DA:44,3
DA:46,3
DA:47,1
DA:48,1
DA:49,1
DA:50,1
DA:52,0
DA:56,3
DA:57,1
DA:58,1
DA:61,3
LF:22
LH:21
BRDA:38,0,0,3
BRDA:38,0,1,3
BRDA:38,1,0,0
BRDA:38,1,1,3
BRDA:57,2,0,0
BRDA:57,2,1,1
BRDA:66,3,0,0
BRDA:66,3,1,3
BRF:8
BRH:5
end_of_record
TN:
SF:app/screens/ProductDetailScreen/styles/ProductDetailScreen.style.js
FN:4,(anonymous_0)
FNF:1
FNH:1
FNDA:3,(anonymous_0)
DA:4,1
DA:5,3
DA:7,3
LF:3
LH:3
BRDA:5,0,0,0
BRDA:5,0,1,3
BRF:2
BRH:1
end_of_record
TN:
SF:app/screens/ProductDetailScreen/views/ProductDetailScreen.js
FN:11,(anonymous_0)
FN:13,(anonymous_1)
FN:14,(anonymous_2)
FN:26,(anonymous_3)
FNF:4
FNH:4
FNDA:3,(anonymous_0)
FNDA:3,(anonymous_1)
FNDA:3,(anonymous_2)
FNDA:5,(anonymous_3)
DA:11,1
DA:12,3
DA:13,3
DA:14,3
DA:16,3
DA:25,3
DA:27,5
DA:31,3
DA:33,3
LF:9
LH:9
BRDA:22,0,0,3
BRDA:22,0,1,0
BRDA:27,1,0,5
BRDA:27,1,1,5
BRDA:50,2,0,3
BRDA:50,2,1,2
BRF:6
BRH:5
end_of_record
TN:
SF:app/utils/api.js
FNF:0
FNH:0
DA:3,1
LF:1
LH:1
BRF:0
BRH:0
end_of_record
TN:
SF:app/utils/colors.js
FNF:0
FNH:0
DA:1,10
LF:1
LH:1
BRF:0
BRH:0
end_of_record
TN:
SF:app/utils/constants.js
FNF:0
FNH:0
DA:1,4
DA:6,4
DA:7,4
DA:8,4
LF:4
LH:4
BRF:0
BRH:0
end_of_record
TN:
SF:assets/images/logo_light.png
FNF:0
FNH:0
DA:1,1
LF:1
LH:1
BRF:0
BRH:0
end_of_record
TN:
SF:hooks/useProducts.js
FN:18,(anonymous_0)
FN:21,(anonymous_1)
FN:22,(anonymous_2)
FN:44,(anonymous_3)
FN:54,(anonymous_4)
FNF:5
FNH:3
FNDA:3,(anonymous_0)
FNDA:2,(anonymous_1)
FNDA:2,(anonymous_2)
FNDA:0,(anonymous_3)
FNDA:0,(anonymous_4)
DA:18,1
DA:19,3
DA:21,3
DA:22,2
DA:23,2
DA:24,2
DA:26,2
DA:27,2
DA:28,2
DA:32,2
DA:33,0
DA:34,0
DA:35,0
DA:38,2
DA:39,0
DA:41,0
DA:42,0
DA:44,0
DA:48,0
DA:52,0
DA:54,0
DA:57,0
DA:58,0
DA:62,2
LF:24
LH:12
BRDA:32,0,0,0
BRDA:32,0,1,2
BRDA:32,1,0,2
BRDA:32,1,1,0
BRF:4
BRH:2
end_of_record
